【登录信息】
[1963783310abbbaa8235417d8aee2348]
`登陆天数: 2天 / 806天
等级: 122
石头: 3144
呼符: 80
友情点: 0 / 559380`
_2022-01-08 13:25:01_
--------
[061c1b378747f885abf58d9ca7848ac3]
`登陆天数: 1天 / 799天
等级: 122
石头: 3223
呼符: 98
友情点: 0 / 670970`
_2022-01-08 13:25:09_
--------
[5ce8ec72836b6c51dba6e33bdf570251]
`登陆天数: 1天 / 801天
等级: 122
石头: 3209
呼符: 99
友情点: 0 / 667600`
_2022-01-08 13:25:17_
--------
[6fc8973f9a91930495adfdef1f18dfb2]
`登陆天数: 1天 / 803天
等级: 122
石头: 3204
呼符: 97
友情点: 0 / 674155`
_2022-01-08 13:25:26_
--------
[b2f15af7a8e50715efa2f021c8887251]
`登陆天数: 1天 / 803天
等级: 122
石头: 3206
呼符: 98
友情点: 0 / 671600`
_2022-01-08 13:25:34_
--------
[b8794103e05aae888614e6b5d0615e8d]
`登陆天数: 1天 / 800天
等级: 122
石头: 3205
呼符: 97
友情点: 0 / 672350`
_2022-01-08 13:25:42_
--------
[592d37af70f2cd4b9940c5bffe57d0e8]
`登陆天数: 1天 / 803天
等级: 122
石头: 3202
呼符: 93
友情点: 0 / 669970`
_2022-01-08 13:25:51_
--------
[ea47d86ea7cce5fd2ff5d9e12591217c]
`登陆天数: 1天 / 799天
等级: 122
石头: 3174
呼符: 97
友情点: 0 / 668265`
_2022-01-08 13:25:59_
--------
[7d927b820d398f0dca6304be3fcc19be]
`登陆天数: 1天 / 805天
等级: 122
石头: 3211
呼符: 97
友情点: 0 / 672875`
_2022-01-08 13:26:08_
--------
[e51d2b4c5f39e3515e61c29eb7d158fd]
`登陆天数: 1天 / 801天
等级: 122
石头: 3202
呼符: 98
友情点: 0 / 671955`
_2022-01-08 13:26:16_
--------
