【登录信息】
[1963783310abbbaa8235417d8aee2348]
`登陆天数: 3天 / 807天
等级: 122
石头: 3144
呼符: 80
友情点: 0 / 559380`
*連続ログイン3日目
※ログインが途切れるか、7日到達すると
1日目から再開されます*
`叡智の猛火 X 1
1月交換券(2022) X 1
`*「FGO カルデア・サテライトステーション 2021-2022」静岡会場開催直前ログインボーナス*
*開催期間中、1日1回 最大3回 ログインボーナスをプレゼント！*
`黄金の果実 X 1
`_2022-01-08 19:35:54_
--------
[061c1b378747f885abf58d9ca7848ac3]
`登陆天数: 2天 / 800天
等级: 122
石头: 3223
呼符: 98
友情点: 0 / 670970`
*連続ログイン2日目
※ログインが途切れるか、7日到達すると
1日目から再開されます*
`聖晶石 X 1
1月交換券(2022) X 1
`*「FGO カルデア・サテライトステーション 2021-2022」静岡会場開催直前ログインボーナス*
*開催期間中、1日1回 最大3回 ログインボーナスをプレゼント！*
`黄金の果実 X 1
`_2022-01-08 19:36:02_
--------
[5ce8ec72836b6c51dba6e33bdf570251]
`登陆天数: 2天 / 802天
等级: 122
石头: 3209
呼符: 99
友情点: 0 / 667600`
*連続ログイン2日目
※ログインが途切れるか、7日到達すると
1日目から再開されます*
`聖晶石 X 1
1月交換券(2022) X 1
`*「FGO カルデア・サテライトステーション 2021-2022」静岡会場開催直前ログインボーナス*
*開催期間中、1日1回 最大3回 ログインボーナスをプレゼント！*
`黄金の果実 X 1
`_2022-01-08 19:36:11_
--------
[6fc8973f9a91930495adfdef1f18dfb2]
`登陆天数: 2天 / 804天
等级: 122
石头: 3204
呼符: 97
友情点: 0 / 674155`
*連続ログイン2日目
※ログインが途切れるか、7日到達すると
1日目から再開されます*
`聖晶石 X 1
1月交換券(2022) X 1
`*「FGO カルデア・サテライトステーション 2021-2022」静岡会場開催直前ログインボーナス*
*開催期間中、1日1回 最大3回 ログインボーナスをプレゼント！*
`黄金の果実 X 1
`_2022-01-08 19:36:18_
--------
[b2f15af7a8e50715efa2f021c8887251]
`登陆天数: 2天 / 804天
等级: 122
石头: 3206
呼符: 98
友情点: 0 / 671600`
*連続ログイン2日目
※ログインが途切れるか、7日到達すると
1日目から再開されます*
`聖晶石 X 1
1月交換券(2022) X 1
`*「FGO カルデア・サテライトステーション 2021-2022」静岡会場開催直前ログインボーナス*
*開催期間中、1日1回 最大3回 ログインボーナスをプレゼント！*
`黄金の果実 X 1
`_2022-01-08 19:36:27_
--------
[b8794103e05aae888614e6b5d0615e8d]
`登陆天数: 2天 / 801天
等级: 122
石头: 3205
呼符: 97
友情点: 0 / 672350`
*連続ログイン2日目
※ログインが途切れるか、7日到達すると
1日目から再開されます*
`聖晶石 X 1
1月交換券(2022) X 1
`*「FGO カルデア・サテライトステーション 2021-2022」静岡会場開催直前ログインボーナス*
*開催期間中、1日1回 最大3回 ログインボーナスをプレゼント！*
`黄金の果実 X 1
`_2022-01-08 19:36:35_
--------
[592d37af70f2cd4b9940c5bffe57d0e8]
`登陆天数: 2天 / 804天
等级: 122
石头: 3202
呼符: 93
友情点: 0 / 669970`
*連続ログイン2日目
※ログインが途切れるか、7日到達すると
1日目から再開されます*
`聖晶石 X 1
1月交換券(2022) X 1
`*「FGO カルデア・サテライトステーション 2021-2022」静岡会場開催直前ログインボーナス*
*開催期間中、1日1回 最大3回 ログインボーナスをプレゼント！*
`黄金の果実 X 1
`_2022-01-08 19:36:43_
--------
[ea47d86ea7cce5fd2ff5d9e12591217c]
`登陆天数: 2天 / 800天
等级: 122
石头: 3174
呼符: 97
友情点: 0 / 668265`
*連続ログイン2日目
※ログインが途切れるか、7日到達すると
1日目から再開されます*
`聖晶石 X 1
1月交換券(2022) X 1
`*「FGO カルデア・サテライトステーション 2021-2022」静岡会場開催直前ログインボーナス*
*開催期間中、1日1回 最大3回 ログインボーナスをプレゼント！*
`黄金の果実 X 1
`_2022-01-08 19:36:51_
--------
[7d927b820d398f0dca6304be3fcc19be]
`登陆天数: 2天 / 806天
等级: 122
石头: 3211
呼符: 97
友情点: 0 / 672875`
*連続ログイン2日目
※ログインが途切れるか、7日到達すると
1日目から再開されます*
`聖晶石 X 1
1月交換券(2022) X 1
`*「FGO カルデア・サテライトステーション 2021-2022」静岡会場開催直前ログインボーナス*
*開催期間中、1日1回 最大3回 ログインボーナスをプレゼント！*
`黄金の果実 X 1
`_2022-01-08 19:36:59_
--------
[e51d2b4c5f39e3515e61c29eb7d158fd]
`登陆天数: 2天 / 802天
等级: 122
石头: 3202
呼符: 98
友情点: 0 / 671955`
*連続ログイン2日目
※ログインが途切れるか、7日到達すると
1日目から再開されます*
`聖晶石 X 1
1月交換券(2022) X 1
`*「FGO カルデア・サテライトステーション 2021-2022」静岡会場開催直前ログインボーナス*
*開催期間中、1日1回 最大3回 ログインボーナスをプレゼント！*
`黄金の果実 X 1
`_2022-01-08 19:37:07_
--------
