【登录信息】
[1963783310abbbaa8235417d8aee2348]
`登陆天数: 20天 / 824天
等级: 122
石头: 2441
呼符: 72
友情点: 0 / 559380`
*連続ログイン6日目
※ログインが途切れるか、7日到達すると
1日目から再開されます*
`聖晶石 X 2
1月交換券(2022) X 1
`_2022-01-25 19:35:57_
--------
[061c1b378747f885abf58d9ca7848ac3]
`登陆天数: 19天 / 817天
等级: 122
石头: 2761
呼符: 88
友情点: 0 / 670970`
*連続ログイン5日目
※ログインが途切れるか、7日到達すると
1日目から再開されます*
`叡智の猛火 X 2
1月交換券(2022) X 1
`_2022-01-25 19:36:06_
--------
[5ce8ec72836b6c51dba6e33bdf570251]
`登陆天数: 19天 / 819天
等级: 122
石头: 3137
呼符: 99
友情点: 0 / 667600`
*連続ログイン5日目
※ログインが途切れるか、7日到達すると
1日目から再開されます*
`叡智の猛火 X 2
1月交換券(2022) X 1
`_2022-01-25 19:36:14_
--------
[6fc8973f9a91930495adfdef1f18dfb2]
`登陆天数: 19天 / 821天
等级: 122
石头: 2592
呼符: 87
友情点: 0 / 674155`
*連続ログイン5日目
※ログインが途切れるか、7日到達すると
1日目から再開されます*
`叡智の猛火 X 2
1月交換券(2022) X 1
`_2022-01-25 19:36:23_
--------
[b2f15af7a8e50715efa2f021c8887251]
`登陆天数: 19天 / 821天
等级: 122
石头: 2474
呼符: 97
友情点: 0 / 671600`
*連続ログイン5日目
※ログインが途切れるか、7日到達すると
1日目から再開されます*
`叡智の猛火 X 2
1月交換券(2022) X 1
`_2022-01-25 19:36:32_
--------
[b8794103e05aae888614e6b5d0615e8d]
`登陆天数: 19天 / 818天
等级: 122
石头: 2683
呼符: 97
友情点: 0 / 672350`
*連続ログイン5日目
※ログインが途切れるか、7日到達すると
1日目から再開されます*
`叡智の猛火 X 2
1月交換券(2022) X 1
`_2022-01-25 19:36:41_
--------
[592d37af70f2cd4b9940c5bffe57d0e8]
`登陆天数: 19天 / 821天
等级: 122
石头: 2740
呼符: 83
友情点: 0 / 669970`
*連続ログイン5日目
※ログインが途切れるか、7日到達すると
1日目から再開されます*
`叡智の猛火 X 2
1月交換券(2022) X 1
`_2022-01-25 19:36:50_
--------
[ea47d86ea7cce5fd2ff5d9e12591217c]
`登陆天数: 19天 / 817天
等级: 122
石头: 2802
呼符: 83
友情点: 0 / 668265`
*連続ログイン5日目
※ログインが途切れるか、7日到達すると
1日目から再開されます*
`叡智の猛火 X 2
1月交換券(2022) X 1
`_2022-01-25 19:36:59_
--------
[7d927b820d398f0dca6304be3fcc19be]
`登陆天数: 19天 / 823天
等级: 122
石头: 3169
呼符: 97
友情点: 0 / 672875`
*連続ログイン5日目
※ログインが途切れるか、7日到達すると
1日目から再開されます*
`叡智の猛火 X 2
1月交換券(2022) X 1
`_2022-01-25 19:37:08_
--------
[e51d2b4c5f39e3515e61c29eb7d158fd]
`登陆天数: 19天 / 819天
等级: 122
石头: 3076
呼符: 88
友情点: 0 / 671955`
*連続ログイン5日目
※ログインが途切れるか、7日到達すると
1日目から再開されます*
`叡智の猛火 X 2
1月交換券(2022) X 1
`_2022-01-25 19:37:18_
--------
